2026-03-28 05:07:27,621 [INFO] image_analysis.models.m1_hf_ai_detector: [M1] AI Detector loaded successfully from ./models\ai_detector_best.pth
2026-03-28 05:07:28,638 [ERROR] image_analysis.models.m2_manipulation: [M2] ManipulationDetector failed to load: Error(s) in loading state_dict for ResNet:
	Missing key(s) in state_dict: "layer1.0.conv3.weight", "layer1.0.bn3.weight", "layer1.0.bn3.bias", "layer1.0.bn3.running_mean", "layer1.0.bn3.running_var", "layer1.0.downsample.0.weight", "layer1.0.downsample.1.weight", "layer1.0.downsample.1.bias", "layer1.0.downsample.1.running_mean", "layer1.0.downsample.1.running_var", "layer1.1.conv3.weight", "layer1.1.bn3.weight", "layer1.1.bn3.bias", "layer1.1.bn3.running_mean", "layer1.1.bn3.running_var", "layer1.2.conv1.weight", "layer1.2.bn1.weight", "layer1.2.bn1.bias", "layer1.2.bn1.running_mean", "layer1.2.bn1.running_var", "layer1.2.conv2.weight", "layer1.2.bn2.weight", "layer1.2.bn2.bias", "layer1.2.bn2.running_mean", "layer1.2.bn2.running_var", "layer1.2.conv3.weight", "layer1.2.bn3.weight", "layer1.2.bn3.bias", "layer1.2.bn3.running_mean", "layer1.2.bn3.running_var", "layer2.0.conv3.weight", "layer2.0.bn3.weight", "layer2.0.bn3.bias", "layer2.0.bn3.running_mean", "layer2.0.bn3.running_var", "layer2.1.conv3.weight", "layer2.1.bn3.weight", "layer2.1.bn3.bias", "layer2.1.bn3.running_mean", "layer2.1.bn3.running_var", "layer2.2.conv1.weight", "layer2.2.bn1.weight", "layer2.2.bn1.bias", "layer2.2.bn1.running_mean", "layer2.2.bn1.running_var", "layer2.2.conv2.weight", "layer2.2.bn2.weight", "layer2.2.bn2.bias", "layer2.2.bn2.running_mean", "layer2.2.bn2.running_var", "layer2.2.conv3.weight", "layer2.2.bn3.weight", "layer2.2.bn3.bias", "layer2.2.bn3.running_mean", "layer2.2.bn3.running_var", "layer2.3.conv1.weight", "layer2.3.bn1.weight", "layer2.3.bn1.bias", "layer2.3.bn1.running_mean", "layer2.3.bn1.running_var", "layer2.3.conv2.weight", "layer2.3.bn2.weight", "layer2.3.bn2.bias", "layer2.3.bn2.running_mean", "layer2.3.bn2.running_var", "layer2.3.conv3.weight", "layer2.3.bn3.weight", "layer2.3.bn3.bias", "layer2.3.bn3.running_mean", "layer2.3.bn3.running_var", "layer3.0.conv3.weight", "layer3.0.bn3.weight", "layer3.0.bn3.bias", "layer3.0.bn3.running_mean", "layer3.0.bn3.running_var", "layer3.1.conv3.weight", "layer3.1.bn3.weight", "layer3.1.bn3.bias", "layer3.1.bn3.running_mean", "layer3.1.bn3.running_var", "layer3.2.conv1.weight", "layer3.2.bn1.weight", "layer3.2.bn1.bias", "layer3.2.bn1.running_mean", "layer3.2.bn1.running_var", "layer3.2.conv2.weight", "layer3.2.bn2.weight", "layer3.2.bn2.bias", "layer3.2.bn2.running_mean", "layer3.2.bn2.running_var", "layer3.2.conv3.weight", "layer3.2.bn3.weight", "layer3.2.bn3.bias", "layer3.2.bn3.running_mean", "layer3.2.bn3.running_var", "layer3.3.conv1.weight", "layer3.3.bn1.weight", "layer3.3.bn1.bias", "layer3.3.bn1.running_mean", "layer3.3.bn1.running_var", "layer3.3.conv2.weight", "layer3.3.bn2.weight", "layer3.3.bn2.bias", "layer3.3.bn2.running_mean", "layer3.3.bn2.running_var", "layer3.3.conv3.weight", "layer3.3.bn3.weight", "layer3.3.bn3.bias", "layer3.3.bn3.running_mean", "layer3.3.bn3.running_var", "layer3.4.conv1.weight", "layer3.4.bn1.weight", "layer3.4.bn1.bias", "layer3.4.bn1.running_mean", "layer3.4.bn1.running_var", "layer3.4.conv2.weight", "layer3.4.bn2.weight", "layer3.4.bn2.bias", "layer3.4.bn2.running_mean", "layer3.4.bn2.running_var", "layer3.4.conv3.weight", "layer3.4.bn3.weight", "layer3.4.bn3.bias", "layer3.4.bn3.running_mean", "layer3.4.bn3.running_var", "layer3.5.conv1.weight", "layer3.5.bn1.weight", "layer3.5.bn1.bias", "layer3.5.bn1.running_mean", "layer3.5.bn1.running_var", "layer3.5.conv2.weight", "layer3.5.bn2.weight", "layer3.5.bn2.bias", "layer3.5.bn2.running_mean", "layer3.5.bn2.running_var", "layer3.5.conv3.weight", "layer3.5.bn3.weight", "layer3.5.bn3.bias", "layer3.5.bn3.running_mean", "layer3.5.bn3.running_var", "layer4.0.conv3.weight", "layer4.0.bn3.weight", "layer4.0.bn3.bias", "layer4.0.bn3.running_mean", "layer4.0.bn3.running_var", "layer4.1.conv3.weight", "layer4.1.bn3.weight", "layer4.1.bn3.bias", "layer4.1.bn3.running_mean", "layer4.1.bn3.running_var", "layer4.2.conv1.weight", "layer4.2.bn1.weight", "layer4.2.bn1.bias", "layer4.2.bn1.running_mean", "layer4.2.bn1.running_var", "layer4.2.conv2.weight", "layer4.2.bn2.weight", "layer4.2.bn2.bias", "layer4.2.bn2.running_mean", "layer4.2.bn2.running_var", "layer4.2.conv3.weight", "layer4.2.bn3.weight", "layer4.2.bn3.bias", "layer4.2.bn3.running_mean", "layer4.2.bn3.running_var". 
	size mismatch for layer1.0.conv1.weight: copying a param with shape torch.Size([64, 64, 3, 3]) from checkpoint, the shape in current model is torch.Size([64, 64, 1, 1]).
	size mismatch for layer1.1.conv1.weight: copying a param with shape torch.Size([64, 64, 3, 3]) from checkpoint, the shape in current model is torch.Size([64, 256, 1, 1]).
	size mismatch for layer2.0.conv1.weight: copying a param with shape torch.Size([128, 64, 3, 3]) from checkpoint, the shape in current model is torch.Size([128, 256, 1, 1]).
	size mismatch for layer2.0.downsample.0.weight: copying a param with shape torch.Size([128, 64, 1, 1]) from checkpoint, the shape in current model is torch.Size([512, 256, 1, 1]).
	size mismatch for layer2.0.downsample.1.weight: copying a param with shape torch.Size([128]) from checkpoint, the shape in current model is torch.Size([512]).
	size mismatch for layer2.0.downsample.1.bias: copying a param with shape torch.Size([128]) from checkpoint, the shape in current model is torch.Size([512]).
	size mismatch for layer2.0.downsample.1.running_mean: copying a param with shape torch.Size([128]) from checkpoint, the shape in current model is torch.Size([512]).
	size mismatch for layer2.0.downsample.1.running_var: copying a param with shape torch.Size([128]) from checkpoint, the shape in current model is torch.Size([512]).
	size mismatch for layer2.1.conv1.weight: copying a param with shape torch.Size([128, 128, 3, 3]) from checkpoint, the shape in current model is torch.Size([128, 512, 1, 1]).
	size mismatch for layer3.0.conv1.weight: copying a param with shape torch.Size([256, 128, 3, 3]) from checkpoint, the shape in current model is torch.Size([256, 512, 1, 1]).
	size mismatch for layer3.0.downsample.0.weight: copying a param with shape torch.Size([256, 128, 1, 1]) from checkpoint, the shape in current model is torch.Size([1024, 512, 1, 1]).
	size mismatch for layer3.0.downsample.1.weight: copying a param with shape torch.Size([256]) from checkpoint, the shape in current model is torch.Size([1024]).
	size mismatch for layer3.0.downsample.1.bias: copying a param with shape torch.Size([256]) from checkpoint, the shape in current model is torch.Size([1024]).
	size mismatch for layer3.0.downsample.1.running_mean: copying a param with shape torch.Size([256]) from checkpoint, the shape in current model is torch.Size([1024]).
	size mismatch for layer3.0.downsample.1.running_var: copying a param with shape torch.Size([256]) from checkpoint, the shape in current model is torch.Size([1024]).
	size mismatch for layer3.1.conv1.weight: copying a param with shape torch.Size([256, 256, 3, 3]) from checkpoint, the shape in current model is torch.Size([256, 1024, 1, 1]).
	size mismatch for layer4.0.conv1.weight: copying a param with shape torch.Size([512, 256, 3, 3]) from checkpoint, the shape in current model is torch.Size([512, 1024, 1, 1]).
	size mismatch for layer4.0.downsample.0.weight: copying a param with shape torch.Size([512, 256, 1, 1]) from checkpoint, the shape in current model is torch.Size([2048, 1024, 1, 1]).
	size mismatch for layer4.0.downsample.1.weight: copying a param with shape torch.Size([512]) from checkpoint, the shape in current model is torch.Size([2048]).
	size mismatch for layer4.0.downsample.1.bias: copying a param with shape torch.Size([512]) from checkpoint, the shape in current model is torch.Size([2048]).
	size mismatch for layer4.0.downsample.1.running_mean: copying a param with shape torch.Size([512]) from checkpoint, the shape in current model is torch.Size([2048]).
	size mismatch for layer4.0.downsample.1.running_var: copying a param with shape torch.Size([512]) from checkpoint, the shape in current model is torch.Size([2048]).
	size mismatch for layer4.1.conv1.weight: copying a param with shape torch.Size([512, 512, 3, 3]) from checkpoint, the shape in current model is torch.Size([512, 2048, 1, 1]).
	size mismatch for fc.weight: copying a param with shape torch.Size([2, 512]) from checkpoint, the shape in current model is torch.Size([2, 2048]).
2026-03-28 05:07:32,408 [INFO] httpx: HTTP Request: HEAD https://huggingface.co/Organika/sdxl-detector/resolve/main/config.json "HTTP/1.1 307 Temporary Redirect"
2026-03-28 05:07:32,409 [WARNING] huggingface_hub.utils._http: Warning: You are sending unauthenticated requests to the HF Hub. Please set a HF_TOKEN to enable higher rate limits and faster downloads.
2026-03-28 05:07:33,094 [INFO] httpx: HTTP Request: HEAD https://huggingface.co/api/resolve-cache/models/Organika/sdxl-detector/b37fede8562cb72b89ec201c0987f96ba21b518a/config.json "HTTP/1.1 200 OK"
2026-03-28 05:07:35,801 [INFO] httpx: HTTP Request: HEAD https://huggingface.co/Organika/sdxl-detector/resolve/main/processor_config.json "HTTP/1.1 404 Not Found"
2026-03-28 05:07:36,136 [INFO] httpx: HTTP Request: HEAD https://huggingface.co/Organika/sdxl-detector/resolve/main/preprocessor_config.json "HTTP/1.1 307 Temporary Redirect"
2026-03-28 05:07:36,234 [INFO] httpx: HTTP Request: HEAD https://huggingface.co/api/resolve-cache/models/Organika/sdxl-detector/b37fede8562cb72b89ec201c0987f96ba21b518a/preprocessor_config.json "HTTP/1.1 200 OK"
2026-03-28 05:07:37,130 [INFO] httpx: HTTP Request: HEAD https://huggingface.co/Organika/sdxl-detector/resolve/main/processor_config.json "HTTP/1.1 404 Not Found"
2026-03-28 05:07:37,432 [INFO] httpx: HTTP Request: HEAD https://huggingface.co/Organika/sdxl-detector/resolve/main/preprocessor_config.json "HTTP/1.1 307 Temporary Redirect"
2026-03-28 05:07:37,511 [INFO] httpx: HTTP Request: HEAD https://huggingface.co/api/resolve-cache/models/Organika/sdxl-detector/b37fede8562cb72b89ec201c0987f96ba21b518a/preprocessor_config.json "HTTP/1.1 200 OK"
2026-03-28 05:07:37,949 [INFO] httpx: HTTP Request: HEAD https://huggingface.co/microsoft/resnet-50/resolve/main/config.json "HTTP/1.1 307 Temporary Redirect"
2026-03-28 05:07:38,051 [INFO] httpx: HTTP Request: HEAD https://huggingface.co/api/resolve-cache/models/microsoft/resnet-50/34c2154c194f829b11125337b98c8f5f9965ff19/config.json "HTTP/1.1 200 OK"
2026-03-28 05:07:39,626 [INFO] httpx: HTTP Request: HEAD https://huggingface.co/microsoft/resnet-50/resolve/main/processor_config.json "HTTP/1.1 404 Not Found"
2026-03-28 05:07:39,995 [INFO] httpx: HTTP Request: HEAD https://huggingface.co/microsoft/resnet-50/resolve/main/preprocessor_config.json "HTTP/1.1 307 Temporary Redirect"
2026-03-28 05:07:40,063 [INFO] httpx: HTTP Request: HEAD https://huggingface.co/api/resolve-cache/models/microsoft/resnet-50/34c2154c194f829b11125337b98c8f5f9965ff19/preprocessor_config.json "HTTP/1.1 200 OK"
2026-03-28 05:07:40,815 [INFO] httpx: HTTP Request: HEAD https://huggingface.co/microsoft/resnet-50/resolve/main/processor_config.json "HTTP/1.1 404 Not Found"
2026-03-28 05:07:41,230 [INFO] httpx: HTTP Request: HEAD https://huggingface.co/microsoft/resnet-50/resolve/main/preprocessor_config.json "HTTP/1.1 307 Temporary Redirect"
2026-03-28 05:07:41,311 [INFO] httpx: HTTP Request: HEAD https://huggingface.co/api/resolve-cache/models/microsoft/resnet-50/34c2154c194f829b11125337b98c8f5f9965ff19/preprocessor_config.json "HTTP/1.1 200 OK"
2026-03-28 05:07:41,316 [INFO] image_analysis.models.m4_patch_localizer: [M4] PatchLocalizer loaded HF stub: microsoft/resnet-50
2026-03-28 05:07:41,634 [INFO] httpx: HTTP Request: HEAD https://huggingface.co/microsoft/resnet-50/resolve/main/config.json "HTTP/1.1 307 Temporary Redirect"
2026-03-28 05:07:41,686 [INFO] httpx: HTTP Request: HEAD https://huggingface.co/api/resolve-cache/models/microsoft/resnet-50/34c2154c194f829b11125337b98c8f5f9965ff19/config.json "HTTP/1.1 200 OK"
2026-03-28 05:07:42,555 [INFO] httpx: HTTP Request: HEAD https://huggingface.co/microsoft/resnet-50/resolve/main/processor_config.json "HTTP/1.1 404 Not Found"
2026-03-28 05:07:43,067 [INFO] httpx: HTTP Request: HEAD https://huggingface.co/microsoft/resnet-50/resolve/main/preprocessor_config.json "HTTP/1.1 307 Temporary Redirect"
2026-03-28 05:07:43,126 [INFO] httpx: HTTP Request: HEAD https://huggingface.co/api/resolve-cache/models/microsoft/resnet-50/34c2154c194f829b11125337b98c8f5f9965ff19/preprocessor_config.json "HTTP/1.1 200 OK"
2026-03-28 05:07:43,407 [INFO] httpx: HTTP Request: HEAD https://huggingface.co/microsoft/resnet-50/resolve/main/processor_config.json "HTTP/1.1 404 Not Found"
2026-03-28 05:07:43,784 [INFO] httpx: HTTP Request: HEAD https://huggingface.co/microsoft/resnet-50/resolve/main/preprocessor_config.json "HTTP/1.1 307 Temporary Redirect"
2026-03-28 05:07:43,844 [INFO] httpx: HTTP Request: HEAD https://huggingface.co/api/resolve-cache/models/microsoft/resnet-50/34c2154c194f829b11125337b98c8f5f9965ff19/preprocessor_config.json "HTTP/1.1 200 OK"
2026-03-28 05:07:43,848 [INFO] image_analysis.models.m5_compression: [M5] CompressionDetector loaded HF stub: microsoft/resnet-50
2026-03-28 05:07:43,848 [INFO] image_analysis.models.loader: [loader] 5/5 models loaded.
2026-03-28 05:07:43,848 [INFO] image_analysis.api.main: [image_analysis] 5/5 models loaded
